[DictionaryManager] Starting load of 2 dictionaries
[DictionaryManager] [1/2] Loading: yaya_shiori3.dic
[DictionaryManager] Loaded 50789 bytes, parsing...
[DictionaryManager] Tokenizing...
[DictionaryManager] Got 7462 tokens in 3ms, parsing AST...
[DictionaryManager] Parser created, calling parse()...
[parseStatement #1] token='C_CRLF2' type=0 line=82
[parseStatement #2] token='C_CRLF' type=0 line=83
[parseStatement #3] token='C_BYTE1' type=0 line=84
[parseStatement #4] token='REQ' type=0 line=86
[parseStatement #5] token='REQ' type=0 line=87
[parseStatement #6] token='var' type=0 line=88
[parseStatement #7] token='var' type=0 line=89
[parseStatement #8] token='var' type=0 line=90
[parseStatement #9] token='SHIORI3FW' type=0 line=92
[parseStatement #10] token='var' type=0 line=94
[parseStatement #11] token='var' type=0 line=95
[parseStatement #12] token='var' type=0 line=96
[parseStatement #13] token='if' type=39 line=98
[parseStatement #14] token='if' type=39 line=99
[parseStatement #15] token='RESTOREVAR' type=0 line=100
[parseStatement #16] token='FDEL' type=0 line=101
[parseStatement #17] token='RESTOREVAR' type=0 line=104
[parseStatement #18] token='FDEL' type=0 line=105
[parseStatement #19] token='SAVEVAR' type=0 line=107
[parseStatement #20] token='if' type=39 line=111
[DictionaryManager] Parse error: Expected ';' after array in foreach (got '.' type=36) at line 1024
[DictionaryManager] Failed to parse: yaya_shiori3.dic
[DictionaryManager] [2/2] Loading: yaya_optional.dic
[DictionaryManager] Loaded 9886 bytes, parsing...
[DictionaryManager] Tokenizing...
[DictionaryManager] Got 1286 tokens in 0ms, parsing AST...
[DictionaryManager] Parser created, calling parse()...
[DictionaryManager] Parsed 12 functions
[DictionaryManager] Timing: tokenize=0ms, parse=0ms, total=0ms
[DictionaryManager] Registering 12 functions...
[DictionaryManager] Registration complete
[DictionaryManager] Successfully parsed: yaya_optional.dic (took 1ms)
[DictionaryManager] Load complete: 1 succeeded, 1 failed
[DictionaryManager] Total load time: 6ms (0.006s)
